# JRE version: OpenJDK Runtime Environment (11.0.10) (build 11.0.10+0-b96-7249189)
# Java VM: OpenJDK 64-Bit Server VM (11.0.10+0-b96-7249189, mixed mode, tiered, compressed oops, g1 gc, windows-amd64)
Heap:
 garbage-first heap   total 344064K, used 210705K [0x0000000080000000, 0x0000000100000000)
  region size 1024K, 75 young (76800K), 11 survivors (11264K)
 Metaspace       used 153190K, capacity 158448K, committed 158780K, reserved 1187840K
  class space    used 18733K, capacity 20641K, committed 20736K, reserved 1048576K
GC Heap History (20 events):
Event: 5202.014 GC heap before
{Heap before GC invocations=255 (full 0):
 garbage-first heap   total 344064K, used 164971K [0x0000000080000000, 0x0000000100000000)
  region size 1024K, 41 young (41984K), 2 survivors (2048K)
 Metaspace       used 150538K, capacity 155681K, committed 156860K, reserved 1185792K
  class space    used 18437K, capacity 20274K, committed 20352K, reserved 1048576K
}
Event: 5202.037 GC heap after
{Heap after GC invocations=256 (full 0):
 garbage-first heap   total 344064K, used 126879K [0x0000000080000000, 0x0000000100000000)
  region size 1024K, 2 young (2048K), 2 survivors (2048K)
 Metaspace       used 150538K, capacity 155681K, committed 156860K, reserved 1185792K
  class space    used 18437K, capacity 20274K, committed 20352K, reserved 1048576K
}
Event: 5204.667 GC heap before
{Heap before GC invocations=257 (full 0):
 garbage-first heap   total 344064K, used 246687K [0x0000000080000000, 0x0000000100000000)
  region size 1024K, 114 young (116736K), 2 survivors (2048K)
 Metaspace       used 150619K, capacity 155756K, committed 156860K, reserved 1185792K
  class space    used 18439K, capacity 20277K, committed 20352K, reserved 1048576K
}
Event: 5204.694 GC heap after
{Heap after GC invocations=258 (full 0):
 garbage-first heap   total 344064K, used 133717K [0x0000000080000000, 0x0000000100000000)
  region size 1024K, 7 young (7168K), 7 survivors (7168K)
 Metaspace       used 150619K, capacity 155756K, committed 156860K, reserved 1185792K
  class space    used 18439K, capacity 20277K, committed 20352K, reserved 1048576K
}
Event: 5205.405 GC heap before
{Heap before GC invocations=258 (full 0):
 garbage-first heap   total 344064K, used 142933K [0x0000000080000000, 0x0000000100000000)
  region size 1024K, 16 young (16384K), 7 survivors (7168K)
 Metaspace       used 150627K, capacity 155757K, committed 156860K, reserved 1185792K
  class space    used 18439K, capacity 20277K, committed 20352K, reserved 1048576K
}
Event: 5205.423 GC heap after
{Heap after GC invocations=259 (full 0):
 garbage-first heap   total 344064K, used 117369K [0x0000000080000000, 0x0000000100000000)
  region size 1024K, 1 young (1024K), 1 survivors (1024K)
 Metaspace       used 150627K, capacity 155757K, committed 156860K, reserved 1185792K
  class space    used 18439K, capacity 20277K, committed 20352K, reserved 1048576K
}
Event: 5205.782 GC heap before
{Heap before GC invocations=259 (full 0):
 garbage-first heap   total 344064K, used 129657K [0x0000000080000000, 0x0000000100000000)
  region size 1024K, 15 young (15360K), 1 survivors (1024K)
 Metaspace       used 150631K, capacity 155757K, committed 156860K, reserved 1185792K
  class space    used 18439K, capacity 20277K, committed 20352K, reserved 1048576K
}
Event: 5205.787 GC heap after
{Heap after GC invocations=260 (full 0):
 garbage-first heap   total 344064K, used 117195K [0x0000000080000000, 0x0000000100000000)
  region size 1024K, 1 young (1024K), 1 survivors (1024K)
 Metaspace       used 150631K, capacity 155757K, committed 156860K, reserved 1185792K
  class space    used 18439K, capacity 20277K, committed 20352K, reserved 1048576K
}
Event: 5417.906 GC heap before
{Heap before GC invocations=261 (full 0):
 garbage-first heap   total 344064K, used 269771K [0x0000000080000000, 0x0000000100000000)
  region size 1024K, 124 young (126976K), 1 survivors (1024K)
 Metaspace       used 150812K, capacity 155946K, committed 156860K, reserved 1185792K
  class space    used 18456K, capacity 20308K, committed 20352K, reserved 1048576K
}
Event: 5417.960 GC heap after
{Heap after GC invocations=262 (full 0):
 garbage-first heap   total 344064K, used 124224K [0x0000000080000000, 0x0000000100000000)
  region size 1024K, 8 young (8192K), 8 survivors (8192K)
 Metaspace       used 150812K, capacity 155946K, committed 156860K, reserved 1185792K
  class space    used 18456K, capacity 20308K, committed 20352K, reserved 1048576K
}
Event: 5418.111 GC heap before
{Heap before GC invocations=262 (full 0):
 garbage-first heap   total 344064K, used 132416K [0x0000000080000000, 0x0000000100000000)
  region size 1024K, 16 young (16384K), 8 survivors (8192K)
 Metaspace       used 150816K, capacity 155952K, committed 156860K, reserved 1185792K
  class space    used 18456K, capacity 20309K, committed 20352K, reserved 1048576K
}
Event: 5418.151 GC heap after
{Heap after GC invocations=263 (full 0):
 garbage-first heap   total 344064K, used 124600K [0x0000000080000000, 0x0000000100000000)
  region size 1024K, 1 young (1024K), 1 survivors (1024K)
 Metaspace       used 150816K, capacity 155952K, committed 156860K, reserved 1185792K
  class space    used 18456K, capacity 20309K, committed 20352K, reserved 1048576K
}
Event: 5418.296 GC heap before
{Heap before GC invocations=263 (full 0):
 garbage-first heap   total 344064K, used 132792K [0x0000000080000000, 0x0000000100000000)
  region size 1024K, 10 young (10240K), 1 survivors (1024K)
 Metaspace       used 150820K, capacity 155958K, committed 156860K, reserved 1185792K
  class space    used 18457K, capacity 20310K, committed 20352K, reserved 1048576K
}
Event: 5418.309 GC heap after
{Heap after GC invocations=264 (full 0):
 garbage-first heap   total 344064K, used 124185K [0x0000000080000000, 0x0000000100000000)
  region size 1024K, 1 young (1024K), 1 survivors (1024K)
 Metaspace       used 150820K, capacity 155958K, committed 156860K, reserved 1185792K
  class space    used 18457K, capacity 20310K, committed 20352K, reserved 1048576K
}
Event: 6085.841 GC heap before
{Heap before GC invocations=265 (full 0):
 garbage-first heap   total 344064K, used 270617K [0x0000000080000000, 0x0000000100000000)
  region size 1024K, 135 young (138240K), 1 survivors (1024K)
 Metaspace       used 151995K, capacity 157293K, committed 157500K, reserved 1185792K
  class space    used 18566K, capacity 20474K, committed 20480K, reserved 1048576K
}
Event: 6085.953 GC heap after
{Heap after GC invocations=266 (full 0):
 garbage-first heap   total 344064K, used 131449K [0x0000000080000000, 0x0000000100000000)
  region size 1024K, 8 young (8192K), 8 survivors (8192K)
 Metaspace       used 151995K, capacity 157293K, committed 157500K, reserved 1185792K
  class space    used 18566K, capacity 20474K, committed 20480K, reserved 1048576K
}
Event: 6086.537 GC heap before
{Heap before GC invocations=266 (full 0):
 garbage-first heap   total 344064K, used 138617K [0x0000000080000000, 0x0000000100000000)
  region size 1024K, 16 young (16384K), 8 survivors (8192K)
 Metaspace       used 151995K, capacity 157293K, committed 157500K, reserved 1185792K
  class space    used 18566K, capacity 20474K, committed 20480K, reserved 1048576K
}
Event: 6086.789 GC heap after
{Heap after GC invocations=267 (full 0):
 garbage-first heap   total 344064K, used 125538K [0x0000000080000000, 0x0000000100000000)
  region size 1024K, 1 young (1024K), 1 survivors (1024K)
 Metaspace       used 151995K, capacity 157293K, committed 157500K, reserved 1185792K
  class space    used 18566K, capacity 20474K, committed 20480K, reserved 1048576K
}
Event: 6088.192 GC heap before
{Heap before GC invocations=267 (full 0):
 garbage-first heap   total 344064K, used 160354K [0x0000000080000000, 0x0000000100000000)
  region size 1024K, 37 young (37888K), 1 survivors (1024K)
 Metaspace       used 151998K, capacity 157293K, committed 157500K, reserved 1185792K
  class space    used 18566K, capacity 20474K, committed 20480K, reserved 1048576K
}
Event: 6088.237 GC heap after
{Heap after GC invocations=268 (full 0):
 garbage-first heap   total 344064K, used 134929K [0x0000000080000000, 0x0000000100000000)
  region size 1024K, 11 young (11264K), 11 survivors (11264K)
 Metaspace       used 151998K, capacity 157293K, committed 157500K, reserved 1185792K
  class space    used 18566K, capacity 20474K, committed 20480K, reserved 1048576K
}

